d:\discordbot\discordbot\debug\discordbot.pch
d:\discordbot\discordbot\debug\vc141.pdb
d:\discordbot\discordbot\debug\vc141.idb
d:\discordbot\discordbot\debug\stdafx.obj
d:\discordbot\discordbot\debug\jsoncpp.obj
d:\discordbot\discordbot\debug\discordbot.obj
d:\discordbot\discordbot\debug\bot.obj
d:\discordbot\discordbot\debug\discordbot.pdb
d:\discordbot\discordbot\debug\discordbot.tlog\cl.command.1.tlog
d:\discordbot\discordbot\debug\discordbot.tlog\cl.read.1.tlog
d:\discordbot\discordbot\debug\discordbot.tlog\cl.write.1.tlog
d:\discordbot\discordbot\debug\discordbot.tlog\link-cvtres.read.1.tlog
d:\discordbot\discordbot\debug\discordbot.tlog\link-cvtres.write.1.tlog
d:\discordbot\discordbot\debug\discordbot.tlog\link-rc.read.1.tlog
d:\discordbot\discordbot\debug\discordbot.tlog\link-rc.write.1.tlog
d:\discordbot\discordbot\debug\discordbot.tlog\link.1248-cvtres.read.1.tlog
d:\discordbot\discordbot\debug\discordbot.tlog\link.1248-cvtres.write.1.tlog
d:\discordbot\discordbot\debug\discordbot.tlog\link.1248-rc.read.1.tlog
d:\discordbot\discordbot\debug\discordbot.tlog\link.1248-rc.write.1.tlog
d:\discordbot\discordbot\debug\discordbot.tlog\link.1248.read.1.tlog
d:\discordbot\discordbot\debug\discordbot.tlog\link.1248.write.1.tlog
d:\discordbot\discordbot\debug\discordbot.tlog\link.command.1.tlog
d:\discordbot\discordbot\debug\discordbot.tlog\link.read.1.tlog
d:\discordbot\discordbot\debug\discordbot.tlog\link.write.1.tlog
